{"D:\\My Work\\Paraphrasing-Text\\src\\paraphrase.ts": {"path":"D:\\My Work\\Paraphrasing-Text\\src\\paraphrase.ts","statementMap":{"0":{"start":{"line":1,"column":0},"end":{"line":1,"column":45}},"1":{"start":{"line":3,"column":23},"end":{"line":14,"column":1}},"2":{"start":{"line":4,"column":4},"end":{"line":4,"column":40}},"3":{"start":{"line":5,"column":4},"end":{"line":13,"column":5}},"4":{"start":{"line":6,"column":8},"end":{"line":6,"column":26}},"5":{"start":{"line":7,"column":11},"end":{"line":13,"column":5}},"6":{"start":{"line":8,"column":8},"end":{"line":8,"column":26}},"7":{"start":{"line":9,"column":11},"end":{"line":13,"column":5}},"8":{"start":{"line":10,"column":8},"end":{"line":10,"column":24}},"9":{"start":{"line":12,"column":8},"end":{"line":12,"column":null}},"10":{"start":{"line":3,"column":13},"end":{"line":3,"column":23}},"11":{"start":{"line":16,"column":30},"end":{"line":35,"column":1}},"12":{"start":{"line":17,"column":26},"end":{"line":17,"column":73}},"13":{"start":{"line":18,"column":21},"end":{"line":21,"column":6}},"14":{"start":{"line":22,"column":4},"end":{"line":34,"column":5}},"15":{"start":{"line":23,"column":39},"end":{"line":28,"column":10}},"16":{"start":{"line":30,"column":8},"end":{"line":30,"column":38}},"17":{"start":{"line":32,"column":8},"end":{"line":32,"column":67}},"18":{"start":{"line":33,"column":8},"end":{"line":33,"column":null}},"19":{"start":{"line":16,"column":13},"end":{"line":16,"column":30}}},"fnMap":{"0":{"name":"(anonymous_1)","decl":{"start":{"line":3,"column":23},"end":{"line":3,"column":24}},"loc":{"start":{"line":3,"column":53},"end":{"line":14,"column":1}}},"1":{"name":"(anonymous_2)","decl":{"start":{"line":16,"column":30},"end":{"line":16,"column":35}},"loc":{"start":{"line":16,"column":99},"end":{"line":35,"column":1}}}},"branchMap":{"0":{"loc":{"start":{"line":5,"column":4},"end":{"line":13,"column":5}},"type":"if","locations":[{"start":{"line":5,"column":4},"end":{"line":13,"column":5}},{"start":{"line":7,"column":11},"end":{"line":13,"column":5}}]},"1":{"loc":{"start":{"line":7,"column":11},"end":{"line":13,"column":5}},"type":"if","locations":[{"start":{"line":7,"column":11},"end":{"line":13,"column":5}},{"start":{"line":9,"column":11},"end":{"line":13,"column":5}}]},"2":{"loc":{"start":{"line":9,"column":11},"end":{"line":13,"column":5}},"type":"if","locations":[{"start":{"line":9,"column":11},"end":{"line":13,"column":5}},{"start":{"line":11,"column":11},"end":{"line":13,"column":5}}]},"3":{"loc":{"start":{"line":30,"column":15},"end":{"line":30,"column":37}},"type":"cond-expr","locations":[{"start":{"line":30,"column":28},"end":{"line":30,"column":30}},{"start":{"line":30,"column":28},"end":{"line":30,"column":37}}]},"4":{"loc":{"start":{"line":30,"column":15},"end":{"line":30,"column":30}},"type":"binary-expr","locations":[{"start":{"line":30,"column":15},"end":{"line":30,"column":30}},{"start":{"line":30,"column":28},"end":{"line":30,"column":30}}]}},"s":{"0":1,"1":1,"2":6,"3":6,"4":3,"5":3,"6":1,"7":2,"8":1,"9":1,"10":1,"11":1,"12":2,"13":2,"14":2,"15":2,"16":1,"17":1,"18":1,"19":1},"f":{"0":6,"1":2},"b":{"0":[3,3],"1":[1,2],"2":[1,1],"3":[0,1],"4":[1,1]}}
}
